$ ultracite check
src/components/ColorPicker.tsx:190:11 assist/source/useSortedAttributes  FIXABLE  ━━━━━━━━━━━━━━━━━━━━━━━━━━━━━━━━━━━━━━━━━━━━━━━━━━━━━━━━━━━━━━━━━━━━━━━━━━━━━━━━━━━━━━━━━━━━━━━━━━━━━━━━━━━━━━━━━━━━━━━━━━━━━━━━━━━━━━━━━━━━━━━━━━━━━━━━

  × The attributes are not sorted. 
  
    188 │         <div className="flex flex-col">
    189 │           {/* Top Section: Automatic / No Fill */}
  > 190 │           <button
        │           ^^^^^^^
  > 191 │             type="button"
         ...
  > 196 │             onClick={() => handleColorClick(autoColor)}
  > 197 │           >
        │           ^
    198 │             <div className="relative flex h-5 w-5 items-center justify-center border border-gray-300 bg-white shadow-sm">
    199 │               {isText ? (
  
  i Safe fix: Sort the JSX props.
  
    189 189 │             {/* Top Section: Automatic / No Fill */}
    190 190 │             <button
    191     │ - ············type="button"
    192     │ - ············className={cn(
    193     │ - ··············"mb-1·flex·items-center·gap-3·border·border-transparent·px-3·py-1.5·text-left·transition-none·hover:bg-[#fde7ad]·hover:outline·hover:outline-1·hover:outline-[#e5c365]",
    194     │ - ··············isAutoSelected·&&·"border-[#e5c365]·bg-[#ffe8a6]"
    195     │ - ············)}
    196     │ - ············onClick={()·=>·handleColorClick(autoColor)}
        191 │ + ············className={cn(
        192 │ + ··············"mb-1·flex·items-center·gap-3·border·border-transparent·px-3·py-1.5·text-left·transition-none·hover:bg-[#fde7ad]·hover:outline·hover:outline-1·hover:outline-[#e5c365]",
        193 │ + ··············isAutoSelected·&&·"border-[#e5c365]·bg-[#ffe8a6]"
        194 │ + ············)}
        195 │ + ············onClick={()·=>·handleColorClick(autoColor)}
        196 │ + ············type="button"
    197 197 │             >
    198 198 │               <div className="relative flex h-5 w-5 items-center justify-center border border-gray-300 bg-white shadow-sm">
  

src/components/ColorPicker.tsx:257:11 assist/source/useSortedAttributes  FIXABLE  ━━━━━━━━━━━━━━━━━━━━━━━━━━━━━━━━━━━━━━━━━━━━━━━━━━━━━━━━━━━━━━━━━━━━━━━━━━━━━━━━━━━━━━━━━━━━━━━━━━━━━━━━━━━━━━━━━━━━━━━━━━━━━━━━━━━━━━━━━━━━━━━━━━━━━━━━

  × The attributes are not sorted. 
  
    256 │           {/* More Colors */}
  > 257 │           <button
        │           ^^^^^^^
  > 258 │             type="button"
  > 259 │             className="flex items-center gap-3 border border-transparent px-3 py-1.5 text-left transition-none hover:bg-[#fde7ad] hover:outline hover:outline-1 hover:outline-[#e5c365]"
  > 260 │             onClick={handleNativeClick}
  > 261 │           >
        │           ^
    262 │             <PaletteIcon className="h-4 w-4 text-gray-700" />
    263 │             <span className="text-gray-800 text-xs">More Colors...</span>
  
  i Safe fix: Sort the JSX props.
  
    256 256 │             {/* More Colors */}
    257 257 │             <button
    258     │ - ············type="button"
    259     │ - ············className="flex·items-center·gap-3·border·border-transparent·px-3·py-1.5·text-left·transition-none·hover:bg-[#fde7ad]·hover:outline·hover:outline-1·hover:outline-[#e5c365]"
    260     │ - ············onClick={handleNativeClick}
        258 │ + ············className="flex·items-center·gap-3·border·border-transparent·px-3·py-1.5·text-left·transition-none·hover:bg-[#fde7ad]·hover:outline·hover:outline-1·hover:outline-[#e5c365]"
        259 │ + ············onClick={handleNativeClick}
        260 │ + ············type="button"
    261 261 │             >
    262 262 │               <PaletteIcon className="h-4 w-4 text-gray-700" />
  

src/components/ColorPicker.tsx:222:38 lint/suspicious/noArrayIndexKey ━━━━━━━━━━━━━━━━━━━━━━━━━━━━━━━━━━━━━━━━━━━━━━━━━━━━━━━━━━━━━━━━━━━━━━━━━━━━━━━━━━━━━━━━━━━━━━━━━━━━━━━━━━━━━━━━━━━━━━━━━━━━━━━━━━━━━━━━━━━━━━━━━━━━━━━━━━━━━━━━━━━━

  × Avoid using the index of an array as key property in an element.
  
    220 │             <div className="grid grid-cols-10 gap-[1px]">
    221 │               {THEME_COLORS.map((row, rowIndex) => (
  > 222 │                 <React.Fragment key={rowIndex}>
        │                                      ^^^^^^^^
    223 │                   {row.map((c, colIndex) => (
    224 │                     <ColorSwatch
  
  i This is the source of the key value.
  
    219 │             </div>
    220 │             <div className="grid grid-cols-10 gap-[1px]">
  > 221 │               {THEME_COLORS.map((row, rowIndex) => (
        │                                       ^^^^^^^^
    222 │                 <React.Fragment key={rowIndex}>
    223 │                   {row.map((c, colIndex) => (
  
  i The order of the items may change, and this also affects performances and component state.
  
  i Check the React documentation. 
  

src/components/ColorPicker.tsx:228:43 lint/suspicious/noArrayIndexKey ━━━━━━━━━━━━━━━━━━━━━━━━━━━━━━━━━━━━━━━━━━━━━━━━━━━━━━━━━━━━━━━━━━━━━━━━━━━━━━━━━━━━━━━━━━━━━━━━━━━━━━━━━━━━━━━━━━━━━━━━━━━━━━━━━━━━━━━━━━━━━━━━━━━━━━━━━━━━━━━━━━━━

  × Avoid using the index of an array as key property in an element.
  
    226 │                       color={c}
    227 │                       isSelected={c.toLowerCase() === color.toLowerCase()}
  > 228 │                       key={`${rowIndex}-${colIndex}`}
        │                                           ^^^^^^^^
    229 │                       onClick={() => handleColorClick(c)} // Spacing after first row
    230 │                     />
  
  i This is the source of the key value.
  
    221 │               {THEME_COLORS.map((row, rowIndex) => (
    222 │                 <React.Fragment key={rowIndex}>
  > 223 │                   {row.map((c, colIndex) => (
        │                                ^^^^^^^^
    224 │                     <ColorSwatch
    225 │                       className={rowIndex === 0 ? "mb-1" : ""}
  
  i The order of the items may change, and this also affects performances and component state.
  
  i Check the React documentation. 
  

src/components/ColorPicker.tsx:307:5 lint/a11y/useButtonType ━━━━━━━━━━━━━━━━━━━━━━━━━━━━━━━━━━━━━━━━━━━━━━━━━━━━━━━━━━━━━━━━━━━━━━━━━━━━━━━━━━━━━━━━━━━━━━━━━━━━━━━━━━━━━━━━━━━━━━━━━━━━━━━━━━━━━━━━━━━━━━━━━━━━━━━━━━━━━━━━━━━━━━━━━━━━━

  × Provide an explicit type prop for the button element.
  
    305 │ }: ColorSwatchProps) {
    306 │   return (
  > 307 │     <button
        │     ^^^^^^^
  > 308 │       className={cn(
         ...
  > 316 │       title={color}
  > 317 │     >
        │     ^
    318 │       {/* The color box itself */}
    319 │       <div
  
  i The default type of a button is submit, which causes the submission of a form when placed inside a `form` element. This is likely not the behaviour that you want inside a React application.
  
  i Allowed button types are: submit, button or reset
  

src/components/ExportPanel.tsx:10:5 lint/style/useBlockStatements  FIXABLE  ━━━━━━━━━━━━━━━━━━━━━━━━━━━━━━━━━━━━━━━━━━━━━━━━━━━━━━━━━━━━━━━━━━━━━━━━━━━━━━━━━━━━━━━━━━━━━━━━━━━━━━━━━━━━━━━━━━━━━━━━━━━━━━━━━━━━━━━━━━━━━━━━━━━━━━━━━━━━━━

  × Block statements are preferred in this position.
  
     9 │   const handleCopy = async () => {
  > 10 │     if (shapes.length === 0) return;
       │     ^^^^^^^^^^^^^^^^^^^^^^^^^^^^^^^^
    11 │ 
    12 │     try {
  
  i Unsafe fix: Wrap the statement with a `JsBlockStatement`
  
    10 │ ····if·(shapes.length·===·0)·{·return;·}
       │                              ++       ++

src/components/ExportPanel.tsx:23:5 lint/style/useBlockStatements  FIXABLE  ━━━━━━━━━━━━━━━━━━━━━━━━━━━━━━━━━━━━━━━━━━━━━━━━━━━━━━━━━━━━━━━━━━━━━━━━━━━━━━━━━━━━━━━━━━━━━━━━━━━━━━━━━━━━━━━━━━━━━━━━━━━━━━━━━━━━━━━━━━━━━━━━━━━━━━━━━━━━━━

  × Block statements are preferred in this position.
  
    22 │   const handleDownload = () => {
  > 23 │     if (shapes.length === 0) return;
       │     ^^^^^^^^^^^^^^^^^^^^^^^^^^^^^^^^
    24 │     downloadAsSVG(shapes, "shapes.svg");
    25 │   };
  
  i Unsafe fix: Wrap the statement with a `JsBlockStatement`
  
    23 │ ····if·(shapes.length·===·0)·{·return;·}
       │                              ++       ++

src/components/ExportPanel.tsx:27:3 lint/style/useBlockStatements  FIXABLE  ━━━━━━━━━━━━━━━━━━━━━━━━━━━━━━━━━━━━━━━━━━━━━━━━━━━━━━━━━━━━━━━━━━━━━━━━━━━━━━━━━━━━━━━━━━━━━━━━━━━━━━━━━━━━━━━━━━━━━━━━━━━━━━━━━━━━━━━━━━━━━━━━━━━━━━━━━━━━━━

  × Block statements are preferred in this position.
  
    25 │   };
    26 │ 
  > 27 │   if (shapes.length === 0) return null;
       │   ^^^^^^^^^^^^^^^^^^^^^^^^^^^^^^^^^^^^^
    28 │ 
    29 │   return (
  
  i Unsafe fix: Wrap the statement with a `JsBlockStatement`
  
    27 │ ··if·(shapes.length·===·0)·{·return·null;·}
       │                            ++            ++

src/components/ExportPanel.tsx:58:5 lint/a11y/noSvgWithoutTitle ━━━━━━━━━━━━━━━━━━━━━━━━━━━━━━━━━━━━━━━━━━━━━━━━━━━━━━━━━━━━━━━━━━━━━━━━━━━━━━━━━━━━━━━━━━━━━━━━━━━━━━━━━━━━━━━━━━━━━━━━━━━━━━━━━━━━━━━━━━━━━━━━━━━━━━━━━━━━━━━━━━━━━━━━━━

  × Alternative text title element cannot be empty
  
    56 │ function CopyIcon() {
    57 │   return (
  > 58 │     <svg
       │     ^^^^
  > 59 │       fill="none"
        ...
  > 64 │       width="14"
  > 65 │     >
       │     ^
    66 │       <rect height="13" rx="2" width="13" x="9" y="9" />
    67 │       <path d="M5 15H4a2 2 0 01-2-2V4a2 2 0 012-2h9a2 2 0 012 2v1" />
  
  i For accessibility purposes, SVGs should have an alternative text, provided via title element. If the svg element has role="img", you should add the aria-label or aria-labelledby attribute.
  

src/components/ExportPanel.tsx:74:5 lint/a11y/noSvgWithoutTitle ━━━━━━━━━━━━━━━━━━━━━━━━━━━━━━━━━━━━━━━━━━━━━━━━━━━━━━━━━━━━━━━━━━━━━━━━━━━━━━━━━━━━━━━━━━━━━━━━━━━━━━━━━━━━━━━━━━━━━━━━━━━━━━━━━━━━━━━━━━━━━━━━━━━━━━━━━━━━━━━━━━━━━━━━━━

  × Alternative text title element cannot be empty
  
    72 │ function CheckIcon() {
    73 │   return (
  > 74 │     <svg
       │     ^^^^
  > 75 │       fill="none"
        ...
  > 80 │       width="14"
  > 81 │     >
       │     ^
    82 │       <path d="M20 6L9 17l-5-5" strokeLinecap="round" strokeLinejoin="round" />
    83 │     </svg>
  
  i For accessibility purposes, SVGs should have an alternative text, provided via title element. If the svg element has role="img", you should add the aria-label or aria-labelledby attribute.
  

src/components/ExportPanel.tsx:89:5 lint/a11y/noSvgWithoutTitle ━━━━━━━━━━━━━━━━━━━━━━━━━━━━━━━━━━━━━━━━━━━━━━━━━━━━━━━━━━━━━━━━━━━━━━━━━━━━━━━━━━━━━━━━━━━━━━━━━━━━━━━━━━━━━━━━━━━━━━━━━━━━━━━━━━━━━━━━━━━━━━━━━━━━━━━━━━━━━━━━━━━━━━━━━━

  × Alternative text title element cannot be empty
  
    87 │ function DownloadIcon() {
    88 │   return (
  > 89 │     <svg
       │     ^^^^
  > 90 │       fill="none"
        ...
  > 95 │       width="14"
  > 96 │     >
       │     ^
    97 │       <path
    98 │         d="M21 15v4a2 2 0 01-2 2H5a2 2 0 01-2-2v-4M7 10l5 5 5-5M12 15V3"
  
  i For accessibility purposes, SVGs should have an alternative text, provided via title element. If the svg element has role="img", you should add the aria-label or aria-labelledby attribute.
  

src/components/ExportPanel.tsx:31:7 lint/a11y/useButtonType ━━━━━━━━━━━━━━━━━━━━━━━━━━━━━━━━━━━━━━━━━━━━━━━━━━━━━━━━━━━━━━━━━━━━━━━━━━━━━━━━━━━━━━━━━━━━━━━━━━━━━━━━━━━━━━━━━━━━━━━━━━━━━━━━━━━━━━━━━━━━━━━━━━━━━━━━━━━━━━━━━━━━━━━━━━━━━━

  × Provide an explicit type prop for the button element.
  
    29 │   return (
    30 │     <div className="flex gap-1 rounded-lg border border-gray-200 bg-white p-2 shadow-lg">
  > 31 │       <button
       │       ^^^^^^^
  > 32 │         className={`flex items-center gap-1.5 rounded px-3 py-1.5 text-xs transition-colors ${
        ...
  > 38 │         title="Copy to clipboard (paste in Office)"
  > 39 │       >
       │       ^
    40 │         {status === "success" ? <CheckIcon /> : <CopyIcon />}
    41 │         {status === "success" ? "Copied!" : "Copy"}
  
  i The default type of a button is submit, which causes the submission of a form when placed inside a `form` element. This is likely not the behaviour that you want inside a React application.
  
  i Allowed button types are: submit, button or reset
  

src/components/ExportPanel.tsx:44:7 lint/a11y/useButtonType ━━━━━━━━━━━━━━━━━━━━━━━━━━━━━━━━━━━━━━━━━━━━━━━━━━━━━━━━━━━━━━━━━━━━━━━━━━━━━━━━━━━━━━━━━━━━━━━━━━━━━━━━━━━━━━━━━━━━━━━━━━━━━━━━━━━━━━━━━━━━━━━━━━━━━━━━━━━━━━━━━━━━━━━━━━━━━━

  × Provide an explicit type prop for the button element.
  
    42 │       </button>
    43 │ 
  > 44 │       <button
       │       ^^^^^^^
  > 45 │         className="flex items-center gap-1.5 rounded px-3 py-1.5 text-gray-600 text-xs transition-colors hover:bg-gray-100"
  > 46 │         onClick={handleDownload}
  > 47 │         title="Download as SVG"
  > 48 │       >
       │       ^
    49 │         <DownloadIcon />
    50 │         Export
  
  i The default type of a button is submit, which causes the submission of a form when placed inside a `form` element. This is likely not the behaviour that you want inside a React application.
  
  i Allowed button types are: submit, button or reset
  

src/components/Toast.tsx:19:3 lint/style/useBlockStatements  FIXABLE  ━━━━━━━━━━━━━━━━━━━━━━━━━━━━━━━━━━━━━━━━━━━━━━━━━━━━━━━━━━━━━━━━━━━━━━━━━━━━━━━━━━━━━━━━━━━━━━━━━━━━━━━━━━━━━━━━━━━━━━━━━━━━━━━━━━━━━━━━━━━━━━━━━━━━━━━━━━━━━━━━━━━━

  × Block statements are preferred in this position.
  
    17 │   }, [visible, onClose]);
    18 │ 
  > 19 │   if (!visible) return null;
       │   ^^^^^^^^^^^^^^^^^^^^^^^^^^
    20 │ 
    21 │   return (
  
  i Unsafe fix: Wrap the statement with a `JsBlockStatement`
  
    19 │ ··if·(!visible)·{·return·null;·}
       │                 ++            ++

src/components/Toolbar.tsx:17:17 lint/complexity/noExcessiveCognitiveComplexity ━━━━━━━━━━━━━━━━━━━━━━━━━━━━━━━━━━━━━━━━━━━━━━━━━━━━━━━━━━━━━━━━━━━━━━━━━━━━━━━━━━━━━━━━━━━━━━━━━━━━━━━━━━━━━━━━━━━━━━━━━━━━━━━━━━━━━━━━━━━━━━━━━━━━━━━━━━

  × Excessive complexity of 21 detected (max: 20).
  
    15 │ import { Separator } from "./ui/separator";
    16 │ 
  > 17 │ export function Toolbar() {
       │                 ^^^^^^^
    18 │   const {
    19 │     shapes,
  
  i Please refactor this function to reduce its complexity score from 21 to the max allowed complexity 20.
  

src/components/Toolbar.tsx:46:35 lint/style/noNonNullAssertion  FIXABLE  ━━━━━━━━━━━━━━━━━━━━━━━━━━━━━━━━━━━━━━━━━━━━━━━━━━━━━━━━━━━━━━━━━━━━━━━━━━━━━━━━━━━━━━━━━━━━━━━━━━━━━━━━━━━━━━━━━━━━━━━━━━━━━━━━━━━━━━━━━━━━━━━━━━━━━━━━━━━━━━━━━

  × Forbidden non-null assertion.
  
    45 │   const parentShape = parentConnector?.startBinding
  > 46 │     ? shapes.find((s) => s.id === parentConnector.startBinding!.shapeId)
       │                                   ^^^^^^^^^^^^^^^^^^^^^^^^^^^^^
    47 │     : null;
    48 │   const hasVerticalParent = parentShape?.childLayout === "vertical";
  
  i Unsafe fix: Replace with optional chain operator ?. This operator includes runtime checks, so it is safer than the compile-only non-null assertion operator
  
     44  44 │   
     45  45 │     const parentShape = parentConnector?.startBinding
     46     │ - ····?·shapes.find((s)·=>·s.id·===·parentConnector.startBinding!.shapeId)
         46 │ + ····?·shapes.find((s)·=>·s.id·===·parentConnector.startBinding?.shapeId)
     47  47 │       : null;
     48  48 │     const hasVerticalParent = parentShape?.childLayout === "vertical";
  

src/components/Toolbar.tsx:64:40 lint/style/noNonNullAssertion  FIXABLE  ━━━━━━━━━━━━━━━━━━━━━━━━━━━━━━━━━━━━━━━━━━━━━━━━━━━━━━━━━━━━━━━━━━━━━━━━━━━━━━━━━━━━━━━━━━━━━━━━━━━━━━━━━━━━━━━━━━━━━━━━━━━━━━━━━━━━━━━━━━━━━━━━━━━━━━━━━━━━━━━━━

  × Forbidden non-null assertion.
  
    62 │               )}
    63 │               disabled={hasParent || hasVerticalParent}
  > 64 │               onClick={() => addParent(selectedShape!.id)}
       │                                        ^^^^^^^^^^^^^^
    65 │               size="sm"
    66 │               title={
  
  i Unsafe fix: Replace with optional chain operator ?. This operator includes runtime checks, so it is safer than the compile-only non-null assertion operator
  
     62  62 │                 )}
     63  63 │                 disabled={hasParent || hasVerticalParent}
     64     │ - ··············onClick={()·=>·addParent(selectedShape!.id)}
         64 │ + ··············onClick={()·=>·addParent(selectedShape?.id)}
     65  65 │                 size="sm"
     66  66 │                 title={
  

src/components/Toolbar.tsx:69:21 lint/style/noNestedTernary ━━━━━━━━━━━━━━━━━━━━━━━━━━━━━━━━━━━━━━━━━━━━━━━━━━━━━━━━━━━━━━━━━━━━━━━━━━━━━━━━━━━━━━━━━━━━━━━━━━━━━━━━━━━━━━━━━━━━━━━━━━━━━━━━━━━━━━━━━━━━━━━━━━━━━━━━━━━━━━━━━━━━━━━━━━━━━━

  × Do not nest ternary expressions.
  
    67 │                 hasParent
    68 │                   ? "Shape already has a parent"
  > 69 │                   : hasVerticalParent
       │                     ^^^^^^^^^^^^^^^^^
  > 70 │                     ? "Cannot add parent to stacked item"
  > 71 │                     : "Add Parent (Level Up)"
       │                     ^^^^^^^^^^^^^^^^^^^^^^^^^
    72 │               }
    73 │               variant="ghost"
  
  i Nesting ternary expressions can make code more difficult to understand.
  
  i Convert nested ternary expression into if-else statements or separate the conditions to make the logic easier to understand.
  

src/components/Toolbar.tsx:85:39 lint/style/noNonNullAssertion  FIXABLE  ━━━━━━━━━━━━━━━━━━━━━━━━━━━━━━━━━━━━━━━━━━━━━━━━━━━━━━━━━━━━━━━━━━━━━━━━━━━━━━━━━━━━━━━━━━━━━━━━━━━━━━━━━━━━━━━━━━━━━━━━━━━━━━━━━━━━━━━━━━━━━━━━━━━━━━━━━━━━━━━━━

  × Forbidden non-null assertion.
  
    83 │               )}
    84 │               disabled={hasVerticalParent}
  > 85 │               onClick={() => addChild(selectedShape!.id)}
       │                                       ^^^^^^^^^^^^^^
    86 │               size="sm"
    87 │               title={
  
  i Unsafe fix: Replace with optional chain operator ?. This operator includes runtime checks, so it is safer than the compile-only non-null assertion operator
  
     83  83 │                 )}
     84  84 │                 disabled={hasVerticalParent}
     85     │ - ··············onClick={()·=>·addChild(selectedShape!.id)}
         85 │ + ··············onClick={()·=>·addChild(selectedShape?.id)}
     86  86 │                 size="sm"
     87  87 │                 title={
  

src/components/Toolbar.tsx:106:48 lint/style/noNonNullAssertion  FIXABLE  ━━━━━━━━━━━━━━━━━━━━━━━━━━━━━━━━━━━━━━━━━━━━━━━━━━━━━━━━━━━━━━━━━━━━━━━━━━━━━━━━━━━━━━━━━━━━━━━━━━━━━━━━━━━━━━━━━━━━━━━━━━━━━━━━━━━━━━━━━━━━━━━━━━━━━━━━━━━━━━━━

  × Forbidden non-null assertion.
  
    104 │                   "bg-gray-100 text-blue-600"
    105 │               )}
  > 106 │               onClick={() => toggleChildLayout(selectedShape!.id)}
        │                                                ^^^^^^^^^^^^^^
    107 │               size="icon"
    108 │               title="Toggle Vertical Stack Mode"
  
  i Unsafe fix: Replace with optional chain operator ?. This operator includes runtime checks, so it is safer than the compile-only non-null assertion operator
  
    104 104 │                     "bg-gray-100 text-blue-600"
    105 105 │                 )}
    106     │ - ··············onClick={()·=>·toggleChildLayout(selectedShape!.id)}
        106 │ + ··············onClick={()·=>·toggleChildLayout(selectedShape?.id)}
    107 107 │                 size="icon"
    108 108 │                 title="Toggle Vertical Stack Mode"
  

The number of diagnostics exceeds the limit allowed. Use --max-diagnostics to increase it.
Diagnostics not shown: 81.
Checked 38 files in 52ms. No fixes applied.
Found 101 errors.
check ━━━━━━━━━━━━━━━━━━━━━━━━━━━━━━━━━━━━━━━━━━━━━━━━━━━━━━━━━━━━━━━━━━━━━━━━━━━━━━━━━━━━━━━━━━━━━━━━━━━━━━━━━━━━━━━━━━━━━━━━━━━━━━━━━━━━━━━━━━━━━━━━━━━━━━━━━━━━━━━━━━━━━━━━━━━━━━━━━━━━━━━━━━━━━━━━━━━━━━━━━━━━━━━━━━━━━━━━━━━━━━━━━━━━

  × Some errors were emitted while running checks.
  

Error: Lint errors found
    at <anonymous> (/home/frsswq/code/shape-builder/node_modules/ultracite/dist/index.js:313:13049)
    at async resolveMiddleware (/home/frsswq/code/shape-builder/node_modules/@trpc/server/dist/initTRPC-T5bbc89W.mjs:221:23)
    at async callRecursive (/home/frsswq/code/shape-builder/node_modules/@trpc/server/dist/initTRPC-T5bbc89W.mjs:256:24)
    at processTicksAndRejections (native:7:39)
error: script "check" exited with code 1
